<?xml version="1.0" encoding="UTF-8"?>
<!-- Generated by org.testng.reporters.JUnitXMLReporter -->
<testsuite ignored="0" hostname="DESKTOP-K2TST02" failures="0" tests="3" name="Orange Hrm Login Page Test" time="9.837" errors="0" timestamp="17 Sep 2022 02:25:14 GMT">
  <testcase classname="com.qa.orangehrm.tests.LoginPageTest" name="loginPageTitleTest" time="0.016"/>
  <testcase classname="com.qa.orangehrm.tests.LoginPageTest" name="forgotPwdLinkTest" time="0.572"/>
  <testcase classname="com.qa.orangehrm.tests.LoginPageTest" name="loginTest" time="3.237"/>
</testsuite> <!-- Orange Hrm Login Page Test -->
