<?xml version="1.0" encoding="UTF-8"?>
<!-- Generated by org.testng.reporters.JUnitXMLReporter -->
<testsuite hostname="DESKTOP-K2TST02" ignored="0" name="Orange Hrm Login Page Test" tests="3" failures="0" timestamp="09 Sep 2022 23:24:17 GMT" time="22.674" errors="0">
  <testcase name="loginPageTitleTest" time="0.049" classname="com.qa.orangehrm.tests.LoginPageTest"/>
  <testcase name="forgotPwdLinkTest" time="1.758" classname="com.qa.orangehrm.tests.LoginPageTest"/>
  <testcase name="loginTest" time="5.613" classname="com.qa.orangehrm.tests.LoginPageTest"/>
</testsuite> <!-- Orange Hrm Login Page Test -->
