<?xml version="1.0" encoding="UTF-8"?>
<!-- Generated by org.testng.reporters.JUnitXMLReporter -->
<testsuite ignored="0" hostname="DESKTOP-K2TST02" failures="0" tests="3" name="Default test" time="16.467" errors="0" timestamp="27 Sep 2022 20:44:45 GMT">
  <testcase classname="com.qa.orangehrm.tests.PimPageTest" name="dashboardPageHeaderTest" time="2.977"/>
  <testcase classname="com.qa.orangehrm.tests.PimPageTest" name="addEmployee" time="1.68"/>
  <testcase classname="com.qa.orangehrm.tests.PimPageTest" name="addEmployee" time="1.561"/>
</testsuite> <!-- Default test -->
