<?xml version="1.0" encoding="UTF-8"?>
<testsuite xmlns:xsi="http://www.w3.org/2001/XMLSchema-instance" xsi:noNamespaceSchemaLocation="https://maven.apache.org/surefire/maven-surefire-plugin/xsd/surefire-test-report.xsd" name="TestSuite" time="29.557" tests="5" errors="0" skipped="0" failures="0">
  <properties>
[...]
</properties>
  <testcase name="loginPageTitleTest" classname="com.qa.orangehrm.tests.LoginPageTest" time="0.018"/>
  <testcase name="forgotPwdLinkTest" classname="com.qa.orangehrm.tests.LoginPageTest" time="0.607"/>
  <testcase name="loginTest" classname="com.qa.orangehrm.tests.LoginPageTest" time="2.894"/>
  <testcase name="dashboardPageHeaderTest" classname="com.qa.orangehrm.tests.PimPageTest" time="2.795"/>
  <testcase name="headerTest" classname="com.qa.orangehrm.tests.DirectoryPageTest" time="0.096"/>
</testsuite>