<?xml version="1.0" encoding="UTF-8"?>
<testng-results skipped="0" failed="0" ignored="0" total="3" passed="3">
  <reporter-output>
  </reporter-output>
  <suite name="Regression Test" duration-ms="22714" started-at="2022-09-09T23:23:54Z" finished-at="2022-09-09T23:24:17Z">
    <groups>
    </groups>
    <test name="Orange Hrm Login Page Test" duration-ms="22674" started-at="2022-09-09T23:23:54Z" finished-at="2022-09-09T23:24:17Z">
      <class name="com.qa.orangehrm.tests.LoginPageTest">
        <test-method status="PASS" signature="setUp()[pri:0, instance:com.qa.orangehrm.tests.LoginPageTest@32e6e9c3]" name="setUp" is-config="true" duration-ms="14567" started-at="2022-09-09T23:23:54Z" finished-at="2022-09-09T23:24:09Z">
          <reporter-output>
          </reporter-output>
        </test-method> <!-- setUp -->
        <test-method status="PASS" signature="loginPageTitleTest()[pri:1, instance:com.qa.orangehrm.tests.LoginPageTest@32e6e9c3]" name="loginPageTitleTest" duration-ms="49" started-at="2022-09-09T23:24:09Z" finished-at="2022-09-09T23:24:09Z">
          <reporter-output>
          </reporter-output>
        </test-method> <!-- loginPageTitleTest -->
        <test-method status="PASS" signature="forgotPwdLinkTest()[pri:2, instance:com.qa.orangehrm.tests.LoginPageTest@32e6e9c3]" name="forgotPwdLinkTest" duration-ms="1758" started-at="2022-09-09T23:24:09Z" finished-at="2022-09-09T23:24:11Z">
          <reporter-output>
          </reporter-output>
        </test-method> <!-- forgotPwdLinkTest -->
        <test-method status="PASS" signature="loginTest()[pri:3, instance:com.qa.orangehrm.tests.LoginPageTest@32e6e9c3]" name="loginTest" duration-ms="5613" started-at="2022-09-09T23:24:11Z" finished-at="2022-09-09T23:24:16Z">
          <reporter-output>
          </reporter-output>
        </test-method> <!-- loginTest -->
        <test-method status="PASS" signature="tearDown()[pri:0, instance:com.qa.orangehrm.tests.LoginPageTest@32e6e9c3]" name="tearDown" is-config="true" duration-ms="630" started-at="2022-09-09T23:24:16Z" finished-at="2022-09-09T23:24:17Z">
          <reporter-output>
          </reporter-output>
        </test-method> <!-- tearDown -->
      </class> <!-- com.qa.orangehrm.tests.LoginPageTest -->
    </test> <!-- Orange Hrm Login Page Test -->
    <test name="Pimp Page Test" duration-ms="0" started-at="2022-09-09T23:24:17Z" finished-at="2022-09-09T23:24:17Z">
    </test> <!-- Pimp Page Test -->
    <test name="Directory Test" duration-ms="0" started-at="2022-09-09T23:24:17Z" finished-at="2022-09-09T23:24:17Z">
    </test> <!-- Directory Test -->
  </suite> <!-- Regression Test -->
</testng-results>
