<?xml version="1.0" encoding="UTF-8"?>
<testng-results ignored="0" total="3" passed="3" failed="0" skipped="0">
  <reporter-output>
  </reporter-output>
  <suite started-at="2022-09-30T01:29:48Z" name="Regression Test" finished-at="2022-09-30T01:29:59Z" duration-ms="10629">
    <groups>
    </groups>
    <test started-at="2022-09-30T01:29:48Z" name="Orange Hrm Login Page Test" finished-at="2022-09-30T01:29:48Z" duration-ms="4">
    </test> <!-- Orange Hrm Login Page Test -->
    <test started-at="2022-09-30T01:29:48Z" name="Pimp Page Test" finished-at="2022-09-30T01:29:59Z" duration-ms="10547">
      <class name="com.qa.orangehrm.tests.PimPageTest">
        <test-method is-config="true" signature="setUp()[pri:0, instance:com.qa.orangehrm.tests.PimPageTest@6497b078]" started-at="2022-09-30T01:29:48Z" name="setUp" finished-at="2022-09-30T01:29:53Z" duration-ms="4171" status="PASS">
          <reporter-output>
          </reporter-output>
        </test-method> <!-- setUp -->
        <test-method is-config="true" signature="DashboardPageSetUp()[pri:0, instance:com.qa.orangehrm.tests.PimPageTest@6497b078]" started-at="2022-09-30T01:29:53Z" name="DashboardPageSetUp" finished-at="2022-09-30T01:29:53Z" duration-ms="654" status="PASS">
          <reporter-output>
          </reporter-output>
        </test-method> <!-- DashboardPageSetUp -->
        <test-method signature="dashboardPageHeaderTest()[pri:1, instance:com.qa.orangehrm.tests.PimPageTest@6497b078]" started-at="2022-09-30T01:29:53Z" name="dashboardPageHeaderTest" finished-at="2022-09-30T01:29:56Z" duration-ms="2521" status="PASS">
          <reporter-output>
          </reporter-output>
        </test-method> <!-- dashboardPageHeaderTest -->
        <test-method signature="addEmployee(java.lang.String, java.lang.String, java.lang.String, java.lang.String)[pri:3, instance:com.qa.orangehrm.tests.PimPageTest@6497b078]" started-at="2022-09-30T01:29:56Z" name="addEmployee" data-provider="getData" finished-at="2022-09-30T01:29:58Z" duration-ms="1300" status="PASS">
          <params>
            <param index="0">
              <value>
                <![CDATA[1.0]]>
              </value>
            </param>
            <param index="1">
              <value>
                <![CDATA[Bimal]]>
              </value>
            </param>
            <param index="2">
              <value>
                <![CDATA[D]]>
              </value>
            </param>
            <param index="3">
              <value>
                <![CDATA[Upreti]]>
              </value>
            </param>
          </params>
          <reporter-output>
          </reporter-output>
        </test-method> <!-- addEmployee -->
        <test-method signature="addEmployee(java.lang.String, java.lang.String, java.lang.String, java.lang.String)[pri:3, instance:com.qa.orangehrm.tests.PimPageTest@6497b078]" started-at="2022-09-30T01:29:58Z" name="addEmployee" data-provider="getData" finished-at="2022-09-30T01:29:59Z" duration-ms="1399" status="PASS">
          <params>
            <param index="0">
              <value>
                <![CDATA[2.0]]>
              </value>
            </param>
            <param index="1">
              <value>
                <![CDATA[David]]>
              </value>
            </param>
            <param index="2">
              <value>
                <![CDATA[D]]>
              </value>
            </param>
            <param index="3">
              <value>
                <![CDATA[Crish]]>
              </value>
            </param>
          </params>
          <reporter-output>
          </reporter-output>
        </test-method> <!-- addEmployee -->
        <test-method is-config="true" signature="tearDown()[pri:0, instance:com.qa.orangehrm.tests.PimPageTest@6497b078]" started-at="2022-09-30T01:29:59Z" name="tearDown" finished-at="2022-09-30T01:29:59Z" duration-ms="0" status="PASS">
          <reporter-output>
          </reporter-output>
        </test-method> <!-- tearDown -->
      </class> <!-- com.qa.orangehrm.tests.PimPageTest -->
    </test> <!-- Pimp Page Test -->
    <test started-at="2022-09-30T01:29:59Z" name="TimeSheet Test" finished-at="2022-09-30T01:29:59Z" duration-ms="0">
    </test> <!-- TimeSheet Test -->
  </suite> <!-- Regression Test -->
</testng-results>
