<?xml version="1.0" encoding="UTF-8"?>
<testng-results ignored="0" total="4" passed="4" failed="0" skipped="0">
  <reporter-output>
  </reporter-output>
  <suite started-at="2022-09-07T18:51:30Z" name="Regression Test" finished-at="2022-09-07T18:51:52Z" duration-ms="22655">
    <groups>
    </groups>
    <test started-at="2022-09-07T18:51:30Z" name="Orange Hrm Login Page Test" finished-at="2022-09-07T18:51:41Z" duration-ms="11120">
      <class name="com.qa.orangehrm.tests.LoginPageTest">
        <test-method is-config="true" signature="setUp()[pri:0, instance:com.qa.orangehrm.tests.LoginPageTest@57250572]" started-at="2022-09-07T18:51:30Z" name="setUp" finished-at="2022-09-07T18:51:36Z" duration-ms="5978" status="PASS">
          <reporter-output>
          </reporter-output>
        </test-method> <!-- setUp -->
        <test-method signature="loginPageTitleTest()[pri:1, instance:com.qa.orangehrm.tests.LoginPageTest@57250572]" started-at="2022-09-07T18:51:36Z" name="loginPageTitleTest" finished-at="2022-09-07T18:51:36Z" duration-ms="19" status="PASS">
          <reporter-output>
          </reporter-output>
        </test-method> <!-- loginPageTitleTest -->
        <test-method signature="forgotPwdLinkTest()[pri:2, instance:com.qa.orangehrm.tests.LoginPageTest@57250572]" started-at="2022-09-07T18:51:36Z" name="forgotPwdLinkTest" finished-at="2022-09-07T18:51:37Z" duration-ms="1101" status="PASS">
          <reporter-output>
          </reporter-output>
        </test-method> <!-- forgotPwdLinkTest -->
        <test-method signature="loginTest()[pri:3, instance:com.qa.orangehrm.tests.LoginPageTest@57250572]" started-at="2022-09-07T18:51:37Z" name="loginTest" finished-at="2022-09-07T18:51:41Z" duration-ms="3847" status="PASS">
          <reporter-output>
          </reporter-output>
        </test-method> <!-- loginTest -->
        <test-method is-config="true" signature="tearDown()[pri:0, instance:com.qa.orangehrm.tests.LoginPageTest@57250572]" started-at="2022-09-07T18:51:41Z" name="tearDown" finished-at="2022-09-07T18:51:41Z" duration-ms="157" status="PASS">
          <reporter-output>
          </reporter-output>
        </test-method> <!-- tearDown -->
      </class> <!-- com.qa.orangehrm.tests.LoginPageTest -->
    </test> <!-- Orange Hrm Login Page Test -->
    <test started-at="2022-09-07T18:51:41Z" name="Pimp Page Test" finished-at="2022-09-07T18:51:44Z" duration-ms="3703">
      <class name="com.qa.orangehrm.tests.PimPageTest">
        <test-method is-config="true" signature="setUp()[pri:0, instance:com.qa.orangehrm.tests.PimPageTest@5552768b]" started-at="2022-09-07T18:51:41Z" name="setUp" finished-at="2022-09-07T18:51:44Z" duration-ms="3560" status="PASS">
          <reporter-output>
          </reporter-output>
        </test-method> <!-- setUp -->
        <test-method is-config="true" signature="tearDown()[pri:0, instance:com.qa.orangehrm.tests.PimPageTest@5552768b]" started-at="2022-09-07T18:51:44Z" name="tearDown" finished-at="2022-09-07T18:51:44Z" duration-ms="143" status="PASS">
          <reporter-output>
          </reporter-output>
        </test-method> <!-- tearDown -->
      </class> <!-- com.qa.orangehrm.tests.PimPageTest -->
    </test> <!-- Pimp Page Test -->
    <test started-at="2022-09-07T18:51:44Z" name="Directory Test" finished-at="2022-09-07T18:51:52Z" duration-ms="7817">
      <class name="com.qa.orangehrm.tests.DirectoryPageTest">
        <test-method is-config="true" signature="setUp()[pri:0, instance:com.qa.orangehrm.tests.DirectoryPageTest@1fb700ee]" started-at="2022-09-07T18:51:44Z" name="setUp" finished-at="2022-09-07T18:51:48Z" duration-ms="3616" status="PASS">
          <reporter-output>
          </reporter-output>
        </test-method> <!-- setUp -->
        <test-method is-config="true" signature="directoryPageSetUp()[pri:0, instance:com.qa.orangehrm.tests.DirectoryPageTest@1fb700ee]" started-at="2022-09-07T18:51:48Z" name="directoryPageSetUp" finished-at="2022-09-07T18:51:52Z" duration-ms="3883" status="PASS">
          <reporter-output>
          </reporter-output>
        </test-method> <!-- directoryPageSetUp -->
        <test-method signature="headerTest()[pri:0, instance:com.qa.orangehrm.tests.DirectoryPageTest@1fb700ee]" started-at="2022-09-07T18:51:52Z" name="headerTest" finished-at="2022-09-07T18:51:52Z" duration-ms="118" status="PASS">
          <reporter-output>
          </reporter-output>
        </test-method> <!-- headerTest -->
        <test-method is-config="true" signature="tearDown()[pri:0, instance:com.qa.orangehrm.tests.DirectoryPageTest@1fb700ee]" started-at="2022-09-07T18:51:52Z" name="tearDown" finished-at="2022-09-07T18:51:52Z" duration-ms="198" status="PASS">
          <reporter-output>
          </reporter-output>
        </test-method> <!-- tearDown -->
      </class> <!-- com.qa.orangehrm.tests.DirectoryPageTest -->
    </test> <!-- Directory Test -->
  </suite> <!-- Regression Test -->
</testng-results>
