<?xml version="1.0" encoding="UTF-8"?>
<!-- Generated by org.testng.reporters.JUnitXMLReporter -->
<testsuite ignored="0" hostname="DESKTOP-K2TST02" failures="0" tests="3" name="Orange Hrm Login Page Test" time="11.12" errors="0" timestamp="07 Sep 2022 18:51:41 GMT">
  <testcase classname="com.qa.orangehrm.tests.LoginPageTest" name="loginPageTitleTest" time="0.019"/>
  <testcase classname="com.qa.orangehrm.tests.LoginPageTest" name="forgotPwdLinkTest" time="1.101"/>
  <testcase classname="com.qa.orangehrm.tests.LoginPageTest" name="loginTest" time="3.847"/>
</testsuite> <!-- Orange Hrm Login Page Test -->
