<?xml version="1.0" encoding="UTF-8"?>
<!-- Generated by org.testng.reporters.JUnitXMLReporter -->
<testsuite ignored="0" hostname="Hada-PC" failures="0" tests="3" name="Orange Hrm" time="10.782" errors="0" timestamp="11 Aug 2022 00:16:20 GMT">
  <testcase classname="com.qa.orangehrm.tests.LoginPageTest" name="loginPageTitleTest" time="0.026"/>
  <testcase classname="com.qa.orangehrm.tests.LoginPageTest" name="forgotPwdLinkTest" time="0.062"/>
  <testcase classname="com.qa.orangehrm.tests.LoginPageTest" name="loginTest" time="5.239"/>
</testsuite> <!-- Orange Hrm -->
