<?xml version="1.0" encoding="UTF-8"?>
<!-- Generated by org.testng.reporters.JUnitXMLReporter -->
<testsuite ignored="0" hostname="DESKTOP-K2TST02" failures="0" tests="3" name="Pimp Page Test" time="10.547" errors="0" timestamp="30 Sep 2022 01:29:59 GMT">
  <testcase classname="com.qa.orangehrm.tests.PimPageTest" name="dashboardPageHeaderTest" time="2.521"/>
  <testcase classname="com.qa.orangehrm.tests.PimPageTest" name="addEmployee" time="1.3"/>
  <testcase classname="com.qa.orangehrm.tests.PimPageTest" name="addEmployee" time="1.399"/>
</testsuite> <!-- Pimp Page Test -->
