<?xml version="1.0" encoding="UTF-8"?>
<!-- Generated by org.testng.reporters.JUnitXMLReporter -->
<testsuite hostname="DESKTOP-K2TST02" ignored="0" name="Test" tests="3" failures="0" timestamp="06 Sep 2022 04:04:46 GMT" time="10.897" errors="0">
  <testcase name="loginPageTitleTest" time="0.032" classname="com.qa.orangehrm.tests.LoginPageTest"/>
  <testcase name="forgotPwdLinkTest" time="0.621" classname="com.qa.orangehrm.tests.LoginPageTest"/>
  <testcase name="loginTest" time="2.933" classname="com.qa.orangehrm.tests.LoginPageTest"/>
</testsuite> <!-- Test -->
